-------------------------------------------------------------------------------
Test set: io.swagger.controller.TransactionsApiControllerTest
-------------------------------------------------------------------------------
Tests run: 4, Failures: 0, Errors: 4, Skipped: 0, Time elapsed: 0.243 s <<< FAILURE! - in io.swagger.controller.TransactionsApiControllerTest
testTransactionNegativeAmount  Time elapsed: 0.17 s  <<< ERROR!
java.lang.NullPointerException
	at io.swagger.controller.TransactionsApiControllerTest.testTransactionNegativeAmount(TransactionsApiControllerTest.java:108)

getAllTransactionsShouldReturnAJsonArray  Time elapsed: 0.003 s  <<< ERROR!
java.lang.NullPointerException
	at io.swagger.controller.TransactionsApiControllerTest.getAllTransactionsShouldReturnAJsonArray(TransactionsApiControllerTest.java:71)

postingTransactionShouldReturn201Created  Time elapsed: 0.005 s  <<< ERROR!
java.lang.NullPointerException
	at io.swagger.controller.TransactionsApiControllerTest.postingTransactionShouldReturn201Created(TransactionsApiControllerTest.java:95)

callingTransaction1ShouldReturnOk  Time elapsed: 0.004 s  <<< ERROR!
java.lang.NullPointerException
	at io.swagger.controller.TransactionsApiControllerTest.callingTransaction1ShouldReturnOk(TransactionsApiControllerTest.java:81)

