<?xml version="1.0" encoding="UTF-8"?>
<testsuite xmlns:xsi="http://www.w3.org/2001/XMLSchema-instance" xsi:noNamespaceSchemaLocation="https://maven.apache.org/surefire/maven-surefire-plugin/xsd/surefire-test-report.xsd" name="io.swagger.model.TransactionTest" time="0.11" tests="1" errors="1" skipped="0" failures="0">
  <properties>
[...]
</properties>
  <testcase name="io.swagger.model.TransactionTest" classname="io.swagger.model.TransactionTest" time="0.11">
    <error message="Found multiple @SpringBootConfiguration annotated classes [Generic bean: class [io.swagger.Application]; scope=; abstract=false; lazyInit=null; autowireMode=0; dependencyCheck=0; autowireCandidate=true; primary=false; factoryBeanName=null; factoryMethodName=null; initMethodName=null; destroyMethodName=null; defined in file [C:\Users\admin\Downloads\dev3.1\ProjectCodegen-Dev2.0\target\classes\io\swagger\Application.class], Generic bean: class [io.swagger.Swagger2SpringBoot]; scope=; abstract=false; lazyInit=null; autowireMode=0; dependencyCheck=0; autowireCandidate=true; primary=false; factoryBeanName=null; factoryMethodName=null; initMethodName=null; destroyMethodName=null; defined in file [C:\Users\admin\Downloads\dev3.1\ProjectCodegen-Dev2.0\target\classes\io\swagger\Swagger2SpringBoot.class]]" type="java.lang.IllegalStateException">java.lang.IllegalStateException: Found multiple @SpringBootConfiguration annotated classes [Generic bean: class [io.swagger.Application]; scope=; abstract=false; lazyInit=null; autowireMode=0; dependencyCheck=0; autowireCandidate=true; primary=false; factoryBeanName=null; factoryMethodName=null; initMethodName=null; destroyMethodName=null; defined in file [C:\Users\admin\Downloads\dev3.1\ProjectCodegen-Dev2.0\target\classes\io\swagger\Application.class], Generic bean: class [io.swagger.Swagger2SpringBoot]; scope=; abstract=false; lazyInit=null; autowireMode=0; dependencyCheck=0; autowireCandidate=true; primary=false; factoryBeanName=null; factoryMethodName=null; initMethodName=null; destroyMethodName=null; defined in file [C:\Users\admin\Downloads\dev3.1\ProjectCodegen-Dev2.0\target\classes\io\swagger\Swagger2SpringBoot.class]]
</error>
    <system-out><![CDATA[18:59:40.387 [main] DEBUG org.springframework.test.context.BootstrapUtils - Instantiating CacheAwareContextLoaderDelegate from class [org.springframework.test.context.cache.DefaultCacheAwareContextLoaderDelegate]
18:59:40.388 [main] DEBUG org.springframework.test.context.BootstrapUtils - Instantiating BootstrapContext using constructor [public org.springframework.test.context.support.DefaultBootstrapContext(java.lang.Class,org.springframework.test.context.CacheAwareContextLoaderDelegate)]
18:59:40.390 [main] DEBUG org.springframework.test.context.BootstrapUtils - Instantiating TestContextBootstrapper for test class [io.swagger.model.TransactionTest] from class [org.springframework.boot.test.context.SpringBootTestContextBootstrapper]
18:59:40.391 [main] INFO org.springframework.boot.test.context.SpringBootTestContextBootstrapper - Neither @ContextConfiguration nor @ContextHierarchy found for test class [io.swagger.model.TransactionTest], using SpringBootContextLoader
18:59:40.393 [main] DEBUG org.springframework.test.context.support.AbstractContextLoader - Did not detect default resource location for test class [io.swagger.model.TransactionTest]: class path resource [io/swagger/model/TransactionTest-context.xml] does not exist
18:59:40.400 [main] DEBUG org.springframework.test.context.support.AbstractContextLoader - Did not detect default resource location for test class [io.swagger.model.TransactionTest]: class path resource [io/swagger/model/TransactionTestContext.groovy] does not exist
18:59:40.414 [main] INFO org.springframework.test.context.support.AbstractContextLoader - Could not detect default resource locations for test class [io.swagger.model.TransactionTest]: no resource found for suffixes {-context.xml, Context.groovy}.
18:59:40.418 [main] INFO org.springframework.test.context.support.AnnotationConfigContextLoaderUtils - Could not detect default configuration classes for test class [io.swagger.model.TransactionTest]: TransactionTest does not declare any static, non-private, non-final, nested classes annotated with @Configuration.
18:59:40.426 [main] DEBUG org.springframework.test.context.support.ActiveProfilesUtils - Could not find an 'annotation declaring class' for annotation type [org.springframework.test.context.ActiveProfiles] and class [io.swagger.model.TransactionTest]
18:59:40.536 [main] DEBUG org.springframework.context.annotation.ClassPathScanningCandidateComponentProvider - Identified candidate component class: file [C:\Users\admin\Downloads\dev3.1\ProjectCodegen-Dev2.0\target\classes\io\swagger\Application.class]
18:59:40.537 [main] DEBUG org.springframework.context.annotation.ClassPathScanningCandidateComponentProvider - Identified candidate component class: file [C:\Users\admin\Downloads\dev3.1\ProjectCodegen-Dev2.0\target\classes\io\swagger\Swagger2SpringBoot.class]
]]></system-out>
  </testcase>
</testsuite>